Using pre-set license
Built from '2020.3/staging' branch; Version is '2020.3.29f1 (2ff179115da0) revision 3142009'; Using compiler version '192528614'; Build Type 'Release'
OS: 'Windows 11  (10.0.22621) 64bit Professional' Language: 'ru' Physical Memory: 16122 MB
BatchMode: 1, IsHumanControllingUs: 0, StartBugReporterOnCrash: 0, Is64bit: 1, IsPro: 0

COMMAND LINE ARGUMENTS:
C:\My Programs\Unity\2020.3.29f1\Editor\Unity.exe
-adb2
-batchMode
-noUpm
-name
AssetImportWorker0
-projectPath
C:/Users/Victor/Desktop/My Projects/Unity projects/minijam111
-logFile
Logs/AssetImportWorker0.log
-srvPort
64123
Successfully changed project path to: C:/Users/Victor/Desktop/My Projects/Unity projects/minijam111
C:/Users/Victor/Desktop/My Projects/Unity projects/minijam111
Using Asset Import Pipeline V2.
Refreshing native plugins compatible for Editor in 57.75 ms, found 3 plugins.
Preloading 0 native plugins for Editor in 0.00 ms.
Initialize engine version: 2020.3.29f1 (2ff179115da0)
[Subsystems] Discovering subsystems at path C:/My Programs/Unity/2020.3.29f1/Editor/Data/Resources/UnitySubsystems
[Subsystems] Discovering subsystems at path C:/Users/Victor/Desktop/My Projects/Unity projects/minijam111/Assets
GfxDevice: creating device client; threaded=0
Direct3D:
    Version:  Direct3D 11.0 [level 11.1]
    Renderer: NVIDIA GeForce RTX 3050 Laptop GPU (ID=0x25a2)
    Vendor:   
    VRAM:     3977 MB
    Driver:   31.0.15.2756
Initialize mono
Mono path[0] = 'C:/My Programs/Unity/2020.3.29f1/Editor/Data/Managed'
Mono path[1] = 'C:/My Programs/Unity/2020.3.29f1/Editor/Data/MonoBleedingEdge/lib/mono/unityjit'
Mono config path = 'C:/My Programs/Unity/2020.3.29f1/Editor/Data/MonoBleedingEdge/etc'
Using monoOptions --debugger-agent=transport=dt_socket,embedding=1,server=y,suspend=n,address=127.0.0.1:56640
Begin MonoManager ReloadAssembly
Registering precompiled unity dll's ...
Register platform support module: C:/My Programs/Unity/2020.3.29f1/Editor/Data/PlaybackEngines/WebGLSupport/UnityEditor.WebGL.Extensions.dll
Register platform support module: C:/My Programs/Unity/2020.3.29f1/Editor/Data/PlaybackEngines/WindowsStandaloneSupport/UnityEditor.WindowsStandalone.Extensions.dll
Register platform support module: C:/My Programs/Unity/2020.3.29f1/Editor/Data/PlaybackEngines/LinuxStandaloneSupport/UnityEditor.LinuxStandalone.Extensions.dll
Registered in 0.001289 seconds.
Native extension for LinuxStandalone target not found
Native extension for WindowsStandalone target not found
Native extension for WebGL target not found
Refreshing native plugins compatible for Editor in 54.97 ms, found 3 plugins.
Preloading 0 native plugins for Editor in 0.00 ms.
Mono: successfully reloaded assembly
- Completed reload, in  0.439 seconds
Domain Reload Profiling:
	ReloadAssembly (440ms)
		BeginReloadAssembly (44ms)
			ExecutionOrderSort (0ms)
			DisableScriptedObjects (0ms)
			BackupInstance (0ms)
			ReleaseScriptingObjects (0ms)
			CreateAndSetChildDomain (1ms)
		EndReloadAssembly (345ms)
			LoadAssemblies (43ms)
			RebuildTransferFunctionScriptingTraits (0ms)
			SetupTypeCache (102ms)
			ReleaseScriptCaches (0ms)
			RebuildScriptCaches (23ms)
			SetupLoadedEditorAssemblies (151ms)
				LogAssemblyErrors (0ms)
				InitializePlatformSupportModulesInManaged (5ms)
				SetLoadedEditorAssemblies (0ms)
				RefreshPlugins (55ms)
				BeforeProcessingInitializeOnLoad (12ms)
				ProcessInitializeOnLoadAttributes (59ms)
				ProcessInitializeOnLoadMethodAttributes (20ms)
				AfterProcessingInitializeOnLoad (0ms)
				EditorAssembliesLoaded (0ms)
			ExecutionOrderSort2 (0ms)
			AwakeInstancesAfterBackupRestoration (0ms)
Platform modules already initialized, skipping
Registering precompiled user dll's ...
Registered in 0.002194 seconds.
Begin MonoManager ReloadAssembly
Native extension for LinuxStandalone target not found
Native extension for WindowsStandalone target not found
Native extension for WebGL target not found
Refreshing native plugins compatible for Editor in 54.67 ms, found 3 plugins.
Preloading 0 native plugins for Editor in 0.00 ms.
Mono: successfully reloaded assembly
- Completed reload, in  0.922 seconds
Domain Reload Profiling:
	ReloadAssembly (923ms)
		BeginReloadAssembly (110ms)
			ExecutionOrderSort (0ms)
			DisableScriptedObjects (3ms)
			BackupInstance (0ms)
			ReleaseScriptingObjects (0ms)
			CreateAndSetChildDomain (16ms)
		EndReloadAssembly (761ms)
			LoadAssemblies (79ms)
			RebuildTransferFunctionScriptingTraits (0ms)
			SetupTypeCache (242ms)
			ReleaseScriptCaches (1ms)
			RebuildScriptCaches (43ms)
			SetupLoadedEditorAssemblies (315ms)
				LogAssemblyErrors (0ms)
				InitializePlatformSupportModulesInManaged (4ms)
				SetLoadedEditorAssemblies (0ms)
				RefreshPlugins (55ms)
				BeforeProcessingInitializeOnLoad (84ms)
				ProcessInitializeOnLoadAttributes (155ms)
				ProcessInitializeOnLoadMethodAttributes (14ms)
				AfterProcessingInitializeOnLoad (3ms)
				EditorAssembliesLoaded (0ms)
			ExecutionOrderSort2 (0ms)
			AwakeInstancesAfterBackupRestoration (6ms)
Platform modules already initialized, skipping
========================================================================
Worker process is ready to serve import requests
Launched and connected shader compiler UnityShaderCompiler.exe after 0.03 seconds
Refreshing native plugins compatible for Editor in 0.61 ms, found 3 plugins.
Preloading 0 native plugins for Editor in 0.00 ms.
Unloading 3488 Unused Serialized files (Serialized files now loaded: 0)
System memory in use before: 153.0 MB.
System memory in use after: 153.1 MB.

Unloading 32 unused Assets to reduce memory usage. Loaded Objects now: 3918.
Total: 2.972000 ms (FindLiveObjects: 0.203100 ms CreateObjectMapping: 0.082300 ms MarkObjects: 2.537800 ms  DeleteObjects: 0.147800 ms)

AssetImportParameters requested are different than current active one (requested -> active):
  custom:framework-win-MediaFoundation: 216162199b28c13a410421893ffa2e32 -> 
  custom:video-decoder-ogg-theora: a1e56fd34408186e4bbccfd4996cb3dc -> 
  custom:container-muxer-webm: aa71ff27fc2769a1b78a27578f13a17b -> 
  custom:container-demuxer-webm: 4f35f7cbe854078d1ac9338744f61a02 -> 
  custom:container-demuxer-ogg: 62fdf1f143b41e24485cea50d1cbac27 -> 
  custom:video-encoder-webm-vp8: eb34c28f22e8b96e1ab97ce403110664 -> 
  custom:video-decoder-webm-vp8: 9c59270c3fd7afecdb556c50c9e8de78 -> 
  custom:audio-decoder-ogg-vorbis: bf7c407c2cedff20999df2af8eb42d56 -> 
  custom:audio-encoder-webm-vorbis: bf7c407c2cedff20999df2af8eb42d56 -> 
========================================================================
Received Import Request.
  path: Assets/Scenes/Levels/Level_0.unity
  artifactKey: Guid(4c45acfe68b27b54ab430fbd5f2040e5) Importer(815301076,1909f56bfc062723c751e8b465ee728b)
Start importing Assets/Scenes/Levels/Level_0.unity using Guid(4c45acfe68b27b54ab430fbd5f2040e5) Importer(815301076,1909f56bfc062723c751e8b465ee728b)  -> (artifact id: '4955118a15357e1e44dfdf38cd0ae752') in 0.021956 seconds 
  Import took 0.026805 seconds .

========================================================================
Received Import Request.
  Time since last request: 21.991922 seconds.
  path: Assets/Scenes/Levels/Level_0.unity
  artifactKey: Guid(4c45acfe68b27b54ab430fbd5f2040e5) Importer(815301076,1909f56bfc062723c751e8b465ee728b)
Start importing Assets/Scenes/Levels/Level_0.unity using Guid(4c45acfe68b27b54ab430fbd5f2040e5) Importer(815301076,1909f56bfc062723c751e8b465ee728b)  -> (artifact id: '411b33a2d20a3d5eabda93c53c78a84d') in 0.002394 seconds 
  Import took 0.007919 seconds .

========================================================================
Received Import Request.
  Time since last request: 17.982811 seconds.
  path: Assets/Scenes/Levels/Level_1.unity
  artifactKey: Guid(3102556a086121a4ab88b61dc6441c7a) Importer(815301076,1909f56bfc062723c751e8b465ee728b)
Start importing Assets/Scenes/Levels/Level_1.unity using Guid(3102556a086121a4ab88b61dc6441c7a) Importer(815301076,1909f56bfc062723c751e8b465ee728b)  -> (artifact id: '5c5c4284c123d539cac068a17b6a350f') in 0.006633 seconds 
  Import took 0.012064 seconds .

========================================================================
Received Import Request.
  Time since last request: 14.371668 seconds.
  path: Assets/Scenes/Levels/Level_2.unity
  artifactKey: Guid(f3f838fdb38b9c54e95bf902e4af836b) Importer(815301076,1909f56bfc062723c751e8b465ee728b)
Start importing Assets/Scenes/Levels/Level_2.unity using Guid(f3f838fdb38b9c54e95bf902e4af836b) Importer(815301076,1909f56bfc062723c751e8b465ee728b)  -> (artifact id: 'bee4465711840135373d6c9ca7c6a909') in 0.006852 seconds 
  Import took 0.012349 seconds .

========================================================================
Received Import Request.
  Time since last request: 11.141100 seconds.
  path: Assets/Scenes/Levels/Level_3.unity
  artifactKey: Guid(0d850aa683e2bc441b95bd1d12454a70) Importer(815301076,1909f56bfc062723c751e8b465ee728b)
Start importing Assets/Scenes/Levels/Level_3.unity using Guid(0d850aa683e2bc441b95bd1d12454a70) Importer(815301076,1909f56bfc062723c751e8b465ee728b)  -> (artifact id: '180687165ed454adca5799a2489cf2b1') in 0.006706 seconds 
  Import took 0.012254 seconds .

========================================================================
Received Import Request.
  Time since last request: 9.650370 seconds.
  path: Assets/Scenes/Levels/Level_4.unity
  artifactKey: Guid(bc59c1840f2a3b240953dfc5708e2e54) Importer(815301076,1909f56bfc062723c751e8b465ee728b)
Start importing Assets/Scenes/Levels/Level_4.unity using Guid(bc59c1840f2a3b240953dfc5708e2e54) Importer(815301076,1909f56bfc062723c751e8b465ee728b)  -> (artifact id: '03a109fdf6b96041732e36aedec34ca9') in 0.007045 seconds 
  Import took 0.012112 seconds .

========================================================================
Received Import Request.
  Time since last request: 10.297371 seconds.
  path: Assets/Scenes/Levels/Level_5.unity
  artifactKey: Guid(04adc971e7cb6a84ca237624e4e6fdff) Importer(815301076,1909f56bfc062723c751e8b465ee728b)
Start importing Assets/Scenes/Levels/Level_5.unity using Guid(04adc971e7cb6a84ca237624e4e6fdff) Importer(815301076,1909f56bfc062723c751e8b465ee728b)  -> (artifact id: '02b45a4a1a4aca0bdccd0b1a2dca2409') in 0.006939 seconds 
  Import took 0.012477 seconds .

========================================================================
Received Import Request.
  Time since last request: 10.576566 seconds.
  path: Assets/Scenes/Levels/Level_6.unity
  artifactKey: Guid(95b062ae0b6a9c645940150b090ced42) Importer(815301076,1909f56bfc062723c751e8b465ee728b)
Start importing Assets/Scenes/Levels/Level_6.unity using Guid(95b062ae0b6a9c645940150b090ced42) Importer(815301076,1909f56bfc062723c751e8b465ee728b)  -> (artifact id: '543cb9c19ae7fb959e668c7657c4ed3c') in 0.007821 seconds 
  Import took 0.012961 seconds .

========================================================================
Received Import Request.
  Time since last request: 9.761916 seconds.
  path: Assets/Scenes/Levels/Level_7.unity
  artifactKey: Guid(a7d6bed7be690c64786ac47da332ca76) Importer(815301076,1909f56bfc062723c751e8b465ee728b)
Start importing Assets/Scenes/Levels/Level_7.unity using Guid(a7d6bed7be690c64786ac47da332ca76) Importer(815301076,1909f56bfc062723c751e8b465ee728b)  -> (artifact id: 'aacfe69a58c64adaeebe9eda8fb7b55a') in 0.006333 seconds 
  Import took 0.011376 seconds .

========================================================================
Received Import Request.
  Time since last request: 11.429927 seconds.
  path: Assets/Scenes/Levels/Level_8.unity
  artifactKey: Guid(e574a5a175683fb4c931a1c1780e29bd) Importer(815301076,1909f56bfc062723c751e8b465ee728b)
Start importing Assets/Scenes/Levels/Level_8.unity using Guid(e574a5a175683fb4c931a1c1780e29bd) Importer(815301076,1909f56bfc062723c751e8b465ee728b)  -> (artifact id: '2442cf6f7a65f8911821ff6431faf01c') in 0.006602 seconds 
  Import took 0.012474 seconds .

========================================================================
Received Import Request.
  Time since last request: 10.019950 seconds.
  path: Assets/Scenes/Levels/Level_9.unity
  artifactKey: Guid(6cac0e5a94edd20478d713d652b75a39) Importer(815301076,1909f56bfc062723c751e8b465ee728b)
Start importing Assets/Scenes/Levels/Level_9.unity using Guid(6cac0e5a94edd20478d713d652b75a39) Importer(815301076,1909f56bfc062723c751e8b465ee728b)  -> (artifact id: 'a58089d3bf56d0b5d724ff668ea7a129') in 0.006803 seconds 
  Import took 0.011816 seconds .

========================================================================
Received Import Request.
  Time since last request: 16.408910 seconds.
  path: Assets/Scenes/Levels/Level_10.unity
  artifactKey: Guid(cb03f9ec77e5e8a4f9a61b29482da304) Importer(815301076,1909f56bfc062723c751e8b465ee728b)
Start importing Assets/Scenes/Levels/Level_10.unity using Guid(cb03f9ec77e5e8a4f9a61b29482da304) Importer(815301076,1909f56bfc062723c751e8b465ee728b)  -> (artifact id: 'b07d13dfd3c0d78a1996ad9d6695d315') in 0.006974 seconds 
  Import took 0.012696 seconds .

========================================================================
Received Prepare
Refreshing native plugins compatible for Editor in 2.91 ms, found 3 plugins.
Preloading 0 native plugins for Editor in 0.00 ms.
Unloading 19 Unused Serialized files (Serialized files now loaded: 0)
System memory in use before: 77.4 MB.
System memory in use after: 77.5 MB.

Unloading 19 unused Assets to reduce memory usage. Loaded Objects now: 3918.
Total: 3.887200 ms (FindLiveObjects: 0.237100 ms CreateObjectMapping: 0.072800 ms MarkObjects: 3.455700 ms  DeleteObjects: 0.120900 ms)

AssetImportParameters requested are different than current active one (requested -> active):
  custom:framework-win-MediaFoundation: 216162199b28c13a410421893ffa2e32 -> 
  custom:video-decoder-ogg-theora: a1e56fd34408186e4bbccfd4996cb3dc -> 
  custom:container-muxer-webm: aa71ff27fc2769a1b78a27578f13a17b -> 
  custom:container-demuxer-webm: 4f35f7cbe854078d1ac9338744f61a02 -> 
  custom:container-demuxer-ogg: 62fdf1f143b41e24485cea50d1cbac27 -> 
  custom:video-encoder-webm-vp8: eb34c28f22e8b96e1ab97ce403110664 -> 
  custom:video-decoder-webm-vp8: 9c59270c3fd7afecdb556c50c9e8de78 -> 
  custom:audio-decoder-ogg-vorbis: bf7c407c2cedff20999df2af8eb42d56 -> 
  custom:audio-encoder-webm-vorbis: bf7c407c2cedff20999df2af8eb42d56 -> 
========================================================================
Received Prepare
Refreshing native plugins compatible for Editor in 2.65 ms, found 3 plugins.
Preloading 0 native plugins for Editor in 0.00 ms.
Unloading 19 Unused Serialized files (Serialized files now loaded: 0)
System memory in use before: 77.4 MB.
System memory in use after: 77.5 MB.

Unloading 19 unused Assets to reduce memory usage. Loaded Objects now: 3918.
Total: 4.750300 ms (FindLiveObjects: 0.308600 ms CreateObjectMapping: 0.127900 ms MarkObjects: 4.159200 ms  DeleteObjects: 0.153000 ms)

AssetImportParameters requested are different than current active one (requested -> active):
  custom:framework-win-MediaFoundation: 216162199b28c13a410421893ffa2e32 -> 
  custom:video-decoder-ogg-theora: a1e56fd34408186e4bbccfd4996cb3dc -> 
  custom:container-muxer-webm: aa71ff27fc2769a1b78a27578f13a17b -> 
  custom:container-demuxer-webm: 4f35f7cbe854078d1ac9338744f61a02 -> 
  custom:container-demuxer-ogg: 62fdf1f143b41e24485cea50d1cbac27 -> 
  custom:video-encoder-webm-vp8: eb34c28f22e8b96e1ab97ce403110664 -> 
  custom:video-decoder-webm-vp8: 9c59270c3fd7afecdb556c50c9e8de78 -> 
  custom:audio-decoder-ogg-vorbis: bf7c407c2cedff20999df2af8eb42d56 -> 
  custom:audio-encoder-webm-vorbis: bf7c407c2cedff20999df2af8eb42d56 -> 
AssetImportWorkerClient::OnTransportError - code=2 error=End of file
